<?xml version="1.0" encoding="UTF-8" ?>
<testsuite tests="2" failures="0" name="com.camunda.demo.SimpleDemo.InMemoryH2Test" time="13.333" errors="0" skipped="0">
  <properties>
    <property name="java.runtime.name" value="Java(TM) SE Runtime Environment"/>
    <property name="sun.boot.library.path" value="E:\dev\tech\win\java\jdk1.8.0_171\jre\bin"/>
    <property name="java.vm.version" value="25.171-b11"/>
    <property name="java.vm.vendor" value="Oracle Corporation"/>
    <property name="maven.multiModuleProjectDirectory" value="E:\dev\code\java\eclipse-workspace\brt-ws\SimpleDemo"/>
    <property name="java.vendor.url" value="http://java.oracle.com/"/>
    <property name="path.separator" value=";"/>
    <property name="guice.disable.misplaced.annotation.check" value="true"/>
    <property name="java.vm.name" value="Java HotSpot(TM) 64-Bit Server VM"/>
    <property name="file.encoding.pkg" value="sun.io"/>
    <property name="user.script" value=""/>
    <property name="user.country" value="US"/>
    <property name="sun.java.launcher" value="SUN_STANDARD"/>
    <property name="sun.os.patch.level" value=""/>
    <property name="java.vm.specification.name" value="Java Virtual Machine Specification"/>
    <property name="user.dir" value="E:\dev\code\java\eclipse-workspace\brt-ws\SimpleDemo"/>
    <property name="java.runtime.version" value="1.8.0_171-b11"/>
    <property name="java.awt.graphicsenv" value="sun.awt.Win32GraphicsEnvironment"/>
    <property name="java.endorsed.dirs" value="E:\dev\tech\win\java\jdk1.8.0_171\jre\lib\endorsed"/>
    <property name="os.arch" value="amd64"/>
    <property name="java.io.tmpdir" value="C:\Users\rajat\AppData\Local\Temp\"/>
    <property name="line.separator" value="
"/>
    <property name="java.vm.specification.vendor" value="Oracle Corporation"/>
    <property name="user.variant" value=""/>
    <property name="os.name" value="Windows 10"/>
    <property name="classworlds.conf" value="E:\dev\code\java\eclipse-workspace\brt-ws\.metadata\.plugins\org.eclipse.m2e.launching\launches\m2conf4422657174780973283.tmp"/>
    <property name="sun.jnu.encoding" value="Cp1252"/>
    <property name="java.library.path" value="E:\dev\tech\win\java\jdk1.8.0_171\bin;C:\Windows\Sun\Java\bin;C:\Windows\system32;C:\Windows;E:/dev/tech/win/java/jre1.8.0_171/bin/server;E:/dev/tech/win/java/jre1.8.0_171/bin;E:/dev/tech/win/java/jre1.8.0_171/lib/amd64;E:\dev\tech\win\db\oracle11gxe\app\oracle\product\11.2.0\server\bin;C:\Program Files (x86)\Common Files\Oracle\Java\javapath;E:\dev\tech\win\c\gcc\bin;E:\dev\tech\win\c\gcc\libexec\gcc\x86_64-w64-mingw32\8.0.1;C:\Windows\system32;C:\Windows;C:\Windows\System32\Wbem;C:\Windows\System32\WindowsPowerShell\v1.0\;E:\dev\tech\win\ng\nodejs-v9.11.1-x64\;C:\Program Files\dotnet\;C:\Program Files\Microsoft SQL Server\130\Tools\Binn\;E:\dev\tech\win\java\jdk-10.0.1\bin;C:\Users\rajat\AppData\Local\Microsoft\WindowsApps;C:\Users\rajat\AppData\Roaming\npm;E:\dev\tech\win\ide\VSCodeSetup-x64-1.23.0-insider\bin;E:\dev\tech\win\ide\eclipse-jee-oxygen-3a-win32-x86_64;;."/>
    <property name="java.specification.name" value="Java Platform API Specification"/>
    <property name="java.class.version" value="52.0"/>
    <property name="sun.management.compiler" value="HotSpot 64-Bit Tiered Compilers"/>
    <property name="os.version" value="10.0"/>
    <property name="user.home" value="C:\Users\rajat"/>
    <property name="user.timezone" value="Asia/Calcutta"/>
    <property name="java.awt.printerjob" value="sun.awt.windows.WPrinterJob"/>
    <property name="java.specification.version" value="1.8"/>
    <property name="file.encoding" value="Cp1252"/>
    <property name="user.name" value="rajat"/>
    <property name="java.class.path" value="E:\dev\tech\win\ide\eclipse-jee-oxygen-3a-win32-x86_64\plugins\org.eclipse.m2e.maven.runtime_1.8.3.20180227-2135\jars\plexus-classworlds-2.5.2.jar"/>
    <property name="java.vm.specification.version" value="1.8"/>
    <property name="sun.arch.data.model" value="64"/>
    <property name="java.home" value="E:\dev\tech\win\java\jdk1.8.0_171\jre"/>
    <property name="sun.java.command" value="org.codehaus.plexus.classworlds.launcher.Launcher -B install"/>
    <property name="java.specification.vendor" value="Oracle Corporation"/>
    <property name="user.language" value="en"/>
    <property name="awt.toolkit" value="sun.awt.windows.WToolkit"/>
    <property name="java.vm.info" value="mixed mode"/>
    <property name="java.version" value="1.8.0_171"/>
    <property name="java.ext.dirs" value="E:\dev\tech\win\java\jdk1.8.0_171\jre\lib\ext;C:\Windows\Sun\Java\lib\ext"/>
    <property name="sun.boot.class.path" value="E:\dev\tech\win\java\jdk1.8.0_171\jre\lib\resources.jar;E:\dev\tech\win\java\jdk1.8.0_171\jre\lib\rt.jar;E:\dev\tech\win\java\jdk1.8.0_171\jre\lib\sunrsasign.jar;E:\dev\tech\win\java\jdk1.8.0_171\jre\lib\jsse.jar;E:\dev\tech\win\java\jdk1.8.0_171\jre\lib\jce.jar;E:\dev\tech\win\java\jdk1.8.0_171\jre\lib\charsets.jar;E:\dev\tech\win\java\jdk1.8.0_171\jre\lib\jfr.jar;E:\dev\tech\win\java\jdk1.8.0_171\jre\classes"/>
    <property name="java.vendor" value="Oracle Corporation"/>
    <property name="maven.home" value="E:\dev\code\java\eclipse-workspace\brt-ws\SimpleDemo\EMBEDDED"/>
    <property name="file.separator" value="\"/>
    <property name="java.vendor.url.bug" value="http://bugreport.sun.com/bugreport/"/>
    <property name="sun.cpu.endian" value="little"/>
    <property name="sun.io.unicode.encoding" value="UnicodeLittle"/>
    <property name="sun.desktop" value="windows"/>
    <property name="sun.cpu.isalist" value="amd64"/>
  </properties>
  <testcase classname="com.camunda.demo.SimpleDemo.InMemoryH2Test" name="testParsingAndDeployment" time="13.016"/>
  <testcase classname="com.camunda.demo.SimpleDemo.InMemoryH2Test" name="testHappyPath" time="0.317"/>
</testsuite>